Build started 17.12.2014 22:09:42.
     1>Project "C:\Users\Harkovich\Documents\Visual Studio 2013\Projects\NHL8000\NHL8000\NHL8000.vcxproj" on node 2 (Build target(s)).
     1>ClCompile:
         C:\Program Files (x86)\Microsoft Visual Studio 12.0\VC\bin\CL.exe /c /IC:\xampp\mysql\include /ZI /nologo /W3 /WX- /Od /Oy- /D WIN32 /D _DEBUG /D _CONSOLE /D _LIB /D _UNICODE /D UNICODE /Gm /EHsc /RTC1 /MDd /GS /fp:precise /Zc:wchar_t /Zc:forScope /Fo"Debug\\" /Fd"Debug\vc120.pdb" /Gd /TP /analyze- /errorReport:prompt Database.cpp Main.cpp Parser.cpp Submenus.cpp
         Main.cpp
         Generating Code...
         Skipping... (no relevant changes detected)
         Submenus.cpp
         Parser.cpp
         Database.cpp
       Link:
         C:\Program Files (x86)\Microsoft Visual Studio 12.0\VC\bin\link.exe /ERRORREPORT:PROMPT /OUT:"C:\Users\Harkovich\Documents\Visual Studio 2013\Projects\NHL8000\Debug\NHL8000.exe" /INCREMENTAL /NOLOGO /LIBPATH:C:\xampp\mysql\lib libmysql.lib mysqlclient.lib kernel32.lib user32.lib gdi32.lib winspool.lib comdlg32.lib advapi32.lib shell32.lib ole32.lib oleaut32.lib uuid.lib odbc32.lib odbccp32.lib /MANIFEST /MANIFESTUAC:"level='asInvoker' uiAccess='false'" /manifest:embed /DEBUG /PDB:"C:\Users\Harkovich\Documents\Visual Studio 2013\Projects\NHL8000\Debug\NHL8000.pdb" /SUBSYSTEM:CONSOLE /TLBID:1 /DYNAMICBASE /NXCOMPAT /IMPLIB:"C:\Users\Harkovich\Documents\Visual Studio 2013\Projects\NHL8000\Debug\NHL8000.lib" /MACHINE:X86 Debug\Database.obj
         Debug\Submenus.obj
         Debug\Loader.obj
         Debug\Main.obj
         Debug\Parser.obj
         NHL8000.vcxproj -> C:\Users\Harkovich\Documents\Visual Studio 2013\Projects\NHL8000\Debug\NHL8000.exe
     1>Done Building Project "C:\Users\Harkovich\Documents\Visual Studio 2013\Projects\NHL8000\NHL8000\NHL8000.vcxproj" (Build target(s)).

Build succeeded.

Time Elapsed 00:00:05.45
